<?xml version="1.0" encoding="UTF-8"?>
<!-- Generated by org.testng.reporters.JUnitReportReporter -->
<testsuite skipped="4" hostname="DESKTOP-VI15RPK" name="MainProject.ProjectTest" tests="5" failures="0" timestamp="14 Jun 2017 08:07:53 GMT" time="20.804" errors="0">
  <testcase name="validAccountCreate" time="20.804" classname="MainProject.ProjectTest"/>
  <testcase name="accountCreat" classname="MainProject.ProjectTest">
    <skipped/>
  </testcase> <!-- accountCreat -->
  <testcase name="addCart" classname="MainProject.ProjectTest">
    <skipped/>
  </testcase> <!-- addCart -->
  <testcase name="productSearch" classname="MainProject.ProjectTest">
    <skipped/>
  </testcase> <!-- productSearch -->
  <testcase name="createNewValidAccount" classname="MainProject.ProjectTest">
    <skipped/>
  </testcase> <!-- createNewValidAccount -->
</testsuite> <!-- MainProject.ProjectTest -->
